# JRE version: OpenJDK Runtime Environment (11.0.15) (build 11.0.15+0-b2043.56-9505619)
# Java VM: OpenJDK 64-Bit Server VM (11.0.15+0-b2043.56-9505619, mixed mode, tiered, compressed oops, g1 gc, windows-amd64)
Heap:
 garbage-first heap   total 152576K, used 31397K [0x0000000085800000, 0x0000000100000000)
  region size 1024K, 12 young (12288K), 6 survivors (6144K)
 Metaspace       used 45270K, capacity 45755K, committed 45952K, reserved 1089536K
  class space    used 5273K, capacity 5468K, committed 5504K, reserved 1048576K
GC Heap History (10 events):
Event: 0.818 GC heap before
{Heap before GC invocations=0 (full 0):
 garbage-first heap   total 126976K, used 18432K [0x0000000085800000, 0x0000000100000000)
  region size 1024K, 14 young (14336K), 0 survivors (0K)
 Metaspace       used 9484K, capacity 9615K, committed 9856K, reserved 1058816K
  class space    used 781K, capacity 820K, committed 896K, reserved 1048576K
}
Event: 0.822 GC heap after
{Heap after GC invocations=1 (full 0):
 garbage-first heap   total 126976K, used 6244K [0x0000000085800000, 0x0000000100000000)
  region size 1024K, 2 young (2048K), 2 survivors (2048K)
 Metaspace       used 9484K, capacity 9615K, committed 9856K, reserved 1058816K
  class space    used 781K, capacity 820K, committed 896K, reserved 1048576K
}
Event: 1.947 GC heap before
{Heap before GC invocations=1 (full 0):
 garbage-first heap   total 126976K, used 54372K [0x0000000085800000, 0x0000000100000000)
  region size 1024K, 50 young (51200K), 2 survivors (2048K)
 Metaspace       used 20973K, capacity 21185K, committed 21248K, reserved 1069056K
  class space    used 2215K, capacity 2302K, committed 2304K, reserved 1048576K
}
Event: 1.962 GC heap after
{Heap after GC invocations=2 (full 0):
 garbage-first heap   total 126976K, used 10453K [0x0000000085800000, 0x0000000100000000)
  region size 1024K, 7 young (7168K), 7 survivors (7168K)
 Metaspace       used 20973K, capacity 21185K, committed 21248K, reserved 1069056K
  class space    used 2215K, capacity 2302K, committed 2304K, reserved 1048576K
}
Event: 3.505 GC heap before
{Heap before GC invocations=3 (full 0):
 garbage-first heap   total 126976K, used 67797K [0x0000000085800000, 0x0000000100000000)
  region size 1024K, 57 young (58368K), 7 survivors (7168K)
 Metaspace       used 33031K, capacity 33508K, committed 33792K, reserved 1079296K
  class space    used 4088K, capacity 4273K, committed 4352K, reserved 1048576K
}
Event: 3.527 GC heap after
{Heap after GC invocations=4 (full 0):
 garbage-first heap   total 126976K, used 22713K [0x0000000085800000, 0x0000000100000000)
  region size 1024K, 8 young (8192K), 8 survivors (8192K)
 Metaspace       used 33031K, capacity 33508K, committed 33792K, reserved 1079296K
  class space    used 4088K, capacity 4273K, committed 4352K, reserved 1048576K
}
Event: 3.782 GC heap before
{Heap before GC invocations=4 (full 0):
 garbage-first heap   total 126976K, used 33977K [0x0000000085800000, 0x0000000100000000)
  region size 1024K, 20 young (20480K), 8 survivors (8192K)
 Metaspace       used 35331K, capacity 35727K, committed 35840K, reserved 1081344K
  class space    used 4327K, capacity 4501K, committed 4608K, reserved 1048576K
}
Event: 3.805 GC heap after
{Heap after GC invocations=5 (full 0):
 garbage-first heap   total 126976K, used 24955K [0x0000000085800000, 0x0000000100000000)
  region size 1024K, 2 young (2048K), 2 survivors (2048K)
 Metaspace       used 35331K, capacity 35727K, committed 35840K, reserved 1081344K
  class space    used 4327K, capacity 4501K, committed 4608K, reserved 1048576K
}
Event: 4.841 GC heap before
{Heap before GC invocations=6 (full 0):
 garbage-first heap   total 126976K, used 64891K [0x0000000085800000, 0x0000000100000000)
  region size 1024K, 41 young (41984K), 2 survivors (2048K)
 Metaspace       used 43292K, capacity 43708K, committed 44032K, reserved 1087488K
  class space    used 5090K, capacity 5281K, committed 5376K, reserved 1048576K
}
Event: 4.852 GC heap after
{Heap after GC invocations=7 (full 0):
 garbage-first heap   total 152576K, used 26277K [0x0000000085800000, 0x0000000100000000)
  region size 1024K, 6 young (6144K), 6 survivors (6144K)
 Metaspace       used 43292K, capacity 43708K, committed 44032K, reserved 1087488K
  class space    used 5090K, capacity 5281K, committed 5376K, reserved 1048576K
}

