# JRE version: OpenJDK Runtime Environment (11.0.15) (build 11.0.15+0-b2043.56-9505619)
# Java VM: OpenJDK 64-Bit Server VM (11.0.15+0-b2043.56-9505619, mixed mode, tiered, compressed oops, g1 gc, windows-amd64)
Heap:
 garbage-first heap   total 152576K, used 57813K [0x0000000085800000, 0x0000000100000000)
  region size 1024K, 21 young (21504K), 8 survivors (8192K)
 Metaspace       used 55007K, capacity 55605K, committed 55680K, reserved 1097728K
  class space    used 6197K, capacity 6461K, committed 6528K, reserved 1048576K
GC Heap History (14 events):
Event: 0.552 GC heap before
{Heap before GC invocations=0 (full 0):
 garbage-first heap   total 126976K, used 18432K [0x0000000085800000, 0x0000000100000000)
  region size 1024K, 14 young (14336K), 0 survivors (0K)
 Metaspace       used 9476K, capacity 9615K, committed 9856K, reserved 1058816K
  class space    used 780K, capacity 820K, committed 896K, reserved 1048576K
}
Event: 0.555 GC heap after
{Heap after GC invocations=1 (full 0):
 garbage-first heap   total 126976K, used 6236K [0x0000000085800000, 0x0000000100000000)
  region size 1024K, 2 young (2048K), 2 survivors (2048K)
 Metaspace       used 9476K, capacity 9615K, committed 9856K, reserved 1058816K
  class space    used 780K, capacity 820K, committed 896K, reserved 1048576K
}
Event: 1.443 GC heap before
{Heap before GC invocations=1 (full 0):
 garbage-first heap   total 126976K, used 54364K [0x0000000085800000, 0x0000000100000000)
  region size 1024K, 50 young (51200K), 2 survivors (2048K)
 Metaspace       used 21019K, capacity 21185K, committed 21248K, reserved 1069056K
  class space    used 2215K, capacity 2302K, committed 2304K, reserved 1048576K
}
Event: 1.457 GC heap after
{Heap after GC invocations=2 (full 0):
 garbage-first heap   total 126976K, used 10441K [0x0000000085800000, 0x0000000100000000)
  region size 1024K, 7 young (7168K), 7 survivors (7168K)
 Metaspace       used 21019K, capacity 21185K, committed 21248K, reserved 1069056K
  class space    used 2215K, capacity 2302K, committed 2304K, reserved 1048576K
}
Event: 2.589 GC heap before
{Heap before GC invocations=3 (full 0):
 garbage-first heap   total 126976K, used 67785K [0x0000000085800000, 0x0000000100000000)
  region size 1024K, 57 young (58368K), 7 survivors (7168K)
 Metaspace       used 33094K, capacity 33508K, committed 33792K, reserved 1079296K
  class space    used 4087K, capacity 4273K, committed 4352K, reserved 1048576K
}
Event: 2.611 GC heap after
{Heap after GC invocations=4 (full 0):
 garbage-first heap   total 126976K, used 22716K [0x0000000085800000, 0x0000000100000000)
  region size 1024K, 8 young (8192K), 8 survivors (8192K)
 Metaspace       used 33094K, capacity 33508K, committed 33792K, reserved 1079296K
  class space    used 4087K, capacity 4273K, committed 4352K, reserved 1048576K
}
Event: 2.841 GC heap before
{Heap before GC invocations=4 (full 0):
 garbage-first heap   total 126976K, used 33980K [0x0000000085800000, 0x0000000100000000)
  region size 1024K, 20 young (20480K), 8 survivors (8192K)
 Metaspace       used 35338K, capacity 35716K, committed 35840K, reserved 1081344K
  class space    used 4314K, capacity 4497K, committed 4608K, reserved 1048576K
}
Event: 2.856 GC heap after
{Heap after GC invocations=5 (full 0):
 garbage-first heap   total 126976K, used 24945K [0x0000000085800000, 0x0000000100000000)
  region size 1024K, 7 young (7168K), 7 survivors (7168K)
 Metaspace       used 35338K, capacity 35716K, committed 35840K, reserved 1081344K
  class space    used 4314K, capacity 4497K, committed 4608K, reserved 1048576K
}
Event: 3.511 GC heap before
{Heap before GC invocations=6 (full 0):
 garbage-first heap   total 126976K, used 59761K [0x0000000085800000, 0x0000000100000000)
  region size 1024K, 41 young (41984K), 7 survivors (7168K)
 Metaspace       used 41877K, capacity 42389K, committed 42496K, reserved 1087488K
  class space    used 4935K, capacity 5119K, committed 5120K, reserved 1048576K
}
Event: 3.528 GC heap after
{Heap after GC invocations=7 (full 0):
 garbage-first heap   total 152576K, used 26906K [0x0000000085800000, 0x0000000100000000)
  region size 1024K, 6 young (6144K), 6 survivors (6144K)
 Metaspace       used 41877K, capacity 42389K, committed 42496K, reserved 1087488K
  class space    used 4935K, capacity 5119K, committed 5120K, reserved 1048576K
}
Event: 5.586 GC heap before
{Heap before GC invocations=7 (full 0):
 garbage-first heap   total 152576K, used 85274K [0x0000000085800000, 0x0000000100000000)
  region size 1024K, 60 young (61440K), 6 survivors (6144K)
 Metaspace       used 50493K, capacity 51027K, committed 51456K, reserved 1095680K
  class space    used 5825K, capacity 6025K, committed 6144K, reserved 1048576K
}
Event: 5.609 GC heap after
{Heap after GC invocations=8 (full 0):
 garbage-first heap   total 152576K, used 37438K [0x0000000085800000, 0x0000000100000000)
  region size 1024K, 8 young (8192K), 8 survivors (8192K)
 Metaspace       used 50493K, capacity 51027K, committed 51456K, reserved 1095680K
  class space    used 5825K, capacity 6025K, committed 6144K, reserved 1048576K
}
Event: 7.856 GC heap before
{Heap before GC invocations=8 (full 0):
 garbage-first heap   total 152576K, used 91710K [0x0000000085800000, 0x0000000100000000)
  region size 1024K, 61 young (62464K), 8 survivors (8192K)
 Metaspace       used 54824K, capacity 55380K, committed 55680K, reserved 1097728K
  class space    used 6190K, capacity 6429K, committed 6528K, reserved 1048576K
}
Event: 7.876 GC heap after
{Heap after GC invocations=9 (full 0):
 garbage-first heap   total 152576K, used 45525K [0x0000000085800000, 0x0000000100000000)
  region size 1024K, 8 young (8192K), 8 survivors (8192K)
 Metaspace       used 54824K, capacity 55380K, committed 55680K, reserved 1097728K
  class space    used 6190K, capacity 6429K, committed 6528K, reserved 1048576K
}

